<?xml version="1.0" encoding="UTF-8"?>
<!-- Generated by org.testng.reporters.JUnitXMLReporter -->
<testsuite ignored="0" hostname="Mickey" failures="0" tests="4" name="Default test" time="26.373" errors="0" timestamp="2026-04-19T19:44:41 IST">
  <testcase classname="com.srm.hackathon.ninjashop.tests.CartTest" name="testAddToCart" time="4.817"/>
  <testcase classname="com.srm.hackathon.ninjashop.tests.CartTest" name="testCartCount" time="3.545"/>
  <testcase classname="com.srm.hackathon.ninjashop.tests.CartTest" name="testRemoveFromCart" time="4.564"/>
  <testcase classname="com.srm.hackathon.ninjashop.tests.CartTest" name="testUpdateCartQuantity" time="4.597"/>
</testsuite> <!-- Default test -->
