<?xml version="1.0" encoding="UTF-8"?>
<!-- Generated by org.testng.reporters.JUnitXMLReporter -->
<testsuite ignored="0" hostname="Mickey" failures="0" tests="3" name="Default test" time="14.526" errors="0" timestamp="2026-04-19T21:17:00 IST">
  <testcase classname="com.srm.hackathon.ninjashop.tests.ValidationTest" name="testCheckoutAddressValidation" time="4.577"/>
  <testcase classname="com.srm.hackathon.ninjashop.tests.ValidationTest" name="testEmailValidation" time="2.113"/>
  <testcase classname="com.srm.hackathon.ninjashop.tests.ValidationTest" name="testEmptyRegistrationForm" time="0.898"/>
</testsuite> <!-- Default test -->
