<?xml version="1.0" encoding="UTF-8"?>
<!-- Generated by org.testng.reporters.JUnitXMLReporter -->
<testsuite ignored="0" hostname="Mickey" failures="0" tests="3" name="Auth Tests" time="27.895" errors="0" timestamp="2026-04-19T21:18:32 IST">
  <testcase classname="com.srm.hackathon.ninjashop.tests.AuthTest" name="testInvalidLogin" time="4.209"/>
  <testcase classname="com.srm.hackathon.ninjashop.tests.AuthTest" name="testLogout" time="6.81"/>
  <testcase classname="com.srm.hackathon.ninjashop.tests.AuthTest" name="testValidLogin" time="2.345"/>
</testsuite> <!-- Auth Tests -->
