<?xml version="1.0" encoding="UTF-8"?>
<!-- Generated by org.testng.reporters.JUnitXMLReporter -->
<testsuite ignored="0" hostname="Mickey" failures="0" tests="3" name="Auth Tests" time="14.407" errors="0" timestamp="2026-04-19T21:05:49 IST">
  <testcase classname="com.srm.hackathon.ninjashop.tests.AuthTest" name="testInvalidLogin" time="2.096"/>
  <testcase classname="com.srm.hackathon.ninjashop.tests.AuthTest" name="testLogout" time="2.731"/>
  <testcase classname="com.srm.hackathon.ninjashop.tests.AuthTest" name="testValidLogin" time="1.815"/>
</testsuite> <!-- Auth Tests -->
