<?xml version="1.0" encoding="UTF-8"?>
<!-- Generated by org.testng.reporters.JUnitXMLReporter -->
<testsuite ignored="0" hostname="Mickey" failures="0" tests="4" name="Cart Tests" time="43.105" errors="0" timestamp="2026-04-19T21:18:47 IST">
  <testcase classname="com.srm.hackathon.ninjashop.tests.CartTest" name="testAddToCart" time="9.426"/>
  <testcase classname="com.srm.hackathon.ninjashop.tests.CartTest" name="testCartCount" time="6.837"/>
  <testcase classname="com.srm.hackathon.ninjashop.tests.CartTest" name="testRemoveFromCart" time="6.059"/>
  <testcase classname="com.srm.hackathon.ninjashop.tests.CartTest" name="testUpdateCartQuantity" time="4.134"/>
</testsuite> <!-- Cart Tests -->
