<?xml version="1.0" encoding="UTF-8"?>
<!-- Generated by org.testng.reporters.JUnitXMLReporter -->
<testsuite ignored="0" hostname="Mickey" failures="0" tests="4" name="Cart Tests" time="22.445" errors="0" timestamp="2026-04-19T21:06:24 IST">
  <testcase classname="com.srm.hackathon.ninjashop.tests.CartTest" name="testAddToCart" time="3.936"/>
  <testcase classname="com.srm.hackathon.ninjashop.tests.CartTest" name="testCartCount" time="3.159"/>
  <testcase classname="com.srm.hackathon.ninjashop.tests.CartTest" name="testRemoveFromCart" time="4.219"/>
  <testcase classname="com.srm.hackathon.ninjashop.tests.CartTest" name="testUpdateCartQuantity" time="4.214"/>
</testsuite> <!-- Cart Tests -->
