<?xml version="1.0" encoding="UTF-8"?>
<!-- Generated by org.testng.reporters.JUnitXMLReporter -->
<testsuite ignored="0" hostname="Mickey" failures="0" tests="4" name="Product Tests" time="23.078" errors="0" timestamp="2026-04-19T18:51:10 IST">
  <testcase classname="com.srm.hackathon.ninjashop.tests.ProductTest" name="testCategoryNavigation" time="0.96"/>
  <testcase classname="com.srm.hackathon.ninjashop.tests.ProductTest" name="testInvalidSearch" time="1.951"/>
  <testcase classname="com.srm.hackathon.ninjashop.tests.ProductTest" name="testProductDetail" time="2.481"/>
  <testcase classname="com.srm.hackathon.ninjashop.tests.ProductTest" name="testSearchProduct" time="0.788"/>
</testsuite> <!-- Product Tests -->
