<?xml version="1.0" encoding="UTF-8"?>
<!-- Generated by org.testng.reporters.JUnitXMLReporter -->
<testsuite ignored="0" hostname="Mickey" failures="0" tests="4" name="Product Tests" time="9.236" errors="0" timestamp="2026-04-19T21:06:02 IST">
  <testcase classname="com.srm.hackathon.ninjashop.tests.ProductTest" name="testCategoryNavigation" time="0.742"/>
  <testcase classname="com.srm.hackathon.ninjashop.tests.ProductTest" name="testInvalidSearch" time="0.476"/>
  <testcase classname="com.srm.hackathon.ninjashop.tests.ProductTest" name="testProductDetail" time="0.966"/>
  <testcase classname="com.srm.hackathon.ninjashop.tests.ProductTest" name="testSearchProduct" time="0.475"/>
</testsuite> <!-- Product Tests -->
