<?xml version="1.0" encoding="UTF-8"?>
<!-- Generated by org.testng.reporters.JUnitXMLReporter -->
<testsuite ignored="0" hostname="Mickey" failures="0" tests="3" name="Validation Tests" time="19.282" errors="0" timestamp="2026-04-19T21:18:42 IST">
  <testcase classname="com.srm.hackathon.ninjashop.tests.ValidationTest" name="testCheckoutAddressValidation" time="8.562"/>
  <testcase classname="com.srm.hackathon.ninjashop.tests.ValidationTest" name="testEmailValidation" time="2.753"/>
  <testcase classname="com.srm.hackathon.ninjashop.tests.ValidationTest" name="testEmptyRegistrationForm" time="1.442"/>
</testsuite> <!-- Validation Tests -->
