<?xml version="1.0" encoding="UTF-8"?>
<testng-results ignored="0" total="16" passed="16" failed="0" skipped="0">
  <reporter-output>
  </reporter-output>
  <suite started-at="2026-04-19T21:18:04 IST" name="NinjaShop Suite" finished-at="2026-04-19T21:18:47 IST" duration-ms="43105">
    <groups>
    </groups>
    <test started-at="2026-04-19T21:18:04 IST" name="Registration Tests" finished-at="2026-04-19T21:18:20 IST" duration-ms="16740">
      <class name="com.srm.hackathon.ninjashop.tests.RegisterTest">
        <test-method is-config="true" signature="setup()[pri:0, instance:com.srm.hackathon.ninjashop.tests.RegisterTest@78fa769e]" started-at="2026-04-19T21:18:04 IST" name="setup" finished-at="2026-04-19T21:18:12 IST" duration-ms="8738" status="PASS">
          <reporter-output>
          </reporter-output>
        </test-method> <!-- setup -->
        <test-method signature="testRegistration()[pri:0, instance:com.srm.hackathon.ninjashop.tests.RegisterTest@78fa769e]" started-at="2026-04-19T21:18:12 IST" name="testRegistration" finished-at="2026-04-19T21:18:19 IST" duration-ms="6055" status="PASS">
          <reporter-output>
          </reporter-output>
        </test-method> <!-- testRegistration -->
        <test-method is-config="true" signature="tearDown()[pri:0, instance:com.srm.hackathon.ninjashop.tests.RegisterTest@78fa769e]" started-at="2026-04-19T21:18:19 IST" name="tearDown" finished-at="2026-04-19T21:18:20 IST" duration-ms="1863" status="PASS">
          <reporter-output>
          </reporter-output>
        </test-method> <!-- tearDown -->
      </class> <!-- com.srm.hackathon.ninjashop.tests.RegisterTest -->
    </test> <!-- Registration Tests -->
    <test started-at="2026-04-19T21:18:04 IST" name="Checkout Tests" finished-at="2026-04-19T21:18:23 IST" duration-ms="19202">
      <class name="com.srm.hackathon.ninjashop.tests.CheckoutTest">
        <test-method is-config="true" signature="setup()[pri:0, instance:com.srm.hackathon.ninjashop.tests.CheckoutTest@4ef74c30]" started-at="2026-04-19T21:18:04 IST" name="setup" finished-at="2026-04-19T21:18:11 IST" duration-ms="7622" status="PASS">
          <reporter-output>
          </reporter-output>
        </test-method> <!-- setup -->
        <test-method signature="testCheckoutWithStockLimitation()[pri:0, instance:com.srm.hackathon.ninjashop.tests.CheckoutTest@4ef74c30]" started-at="2026-04-19T21:18:11 IST" name="testCheckoutWithStockLimitation" finished-at="2026-04-19T21:18:22 IST" duration-ms="11128" status="PASS">
          <reporter-output>
          </reporter-output>
        </test-method> <!-- testCheckoutWithStockLimitation -->
        <test-method is-config="true" signature="tearDown()[pri:0, instance:com.srm.hackathon.ninjashop.tests.CheckoutTest@4ef74c30]" started-at="2026-04-19T21:18:23 IST" name="tearDown" finished-at="2026-04-19T21:18:23 IST" duration-ms="381" status="PASS">
          <reporter-output>
          </reporter-output>
        </test-method> <!-- tearDown -->
      </class> <!-- com.srm.hackathon.ninjashop.tests.CheckoutTest -->
    </test> <!-- Checkout Tests -->
    <test started-at="2026-04-19T21:18:04 IST" name="Product Tests" finished-at="2026-04-19T21:18:30 IST" duration-ms="26011">
      <class name="com.srm.hackathon.ninjashop.tests.ProductTest">
        <test-method is-config="true" signature="setup()[pri:0, instance:com.srm.hackathon.ninjashop.tests.ProductTest@5852c06f]" started-at="2026-04-19T21:18:04 IST" name="setup" finished-at="2026-04-19T21:18:11 IST" duration-ms="7622" status="PASS">
          <reporter-output>
          </reporter-output>
        </test-method> <!-- setup -->
        <test-method signature="testCategoryNavigation()[pri:0, instance:com.srm.hackathon.ninjashop.tests.ProductTest@5852c06f]" started-at="2026-04-19T21:18:11 IST" name="testCategoryNavigation" finished-at="2026-04-19T21:18:13 IST" duration-ms="1627" status="PASS">
          <reporter-output>
          </reporter-output>
        </test-method> <!-- testCategoryNavigation -->
        <test-method is-config="true" signature="tearDown()[pri:0, instance:com.srm.hackathon.ninjashop.tests.ProductTest@5852c06f]" started-at="2026-04-19T21:18:13 IST" name="tearDown" finished-at="2026-04-19T21:18:14 IST" duration-ms="875" status="PASS">
          <reporter-output>
          </reporter-output>
        </test-method> <!-- tearDown -->
        <test-method is-config="true" signature="setup()[pri:0, instance:com.srm.hackathon.ninjashop.tests.ProductTest@5852c06f]" started-at="2026-04-19T21:18:14 IST" name="setup" finished-at="2026-04-19T21:18:17 IST" duration-ms="2680" status="PASS">
          <reporter-output>
          </reporter-output>
        </test-method> <!-- setup -->
        <test-method signature="testInvalidSearch()[pri:0, instance:com.srm.hackathon.ninjashop.tests.ProductTest@5852c06f]" started-at="2026-04-19T21:18:17 IST" name="testInvalidSearch" finished-at="2026-04-19T21:18:18 IST" duration-ms="1099" status="PASS">
          <reporter-output>
          </reporter-output>
        </test-method> <!-- testInvalidSearch -->
        <test-method is-config="true" signature="tearDown()[pri:0, instance:com.srm.hackathon.ninjashop.tests.ProductTest@5852c06f]" started-at="2026-04-19T21:18:18 IST" name="tearDown" finished-at="2026-04-19T21:18:18 IST" duration-ms="330" status="PASS">
          <reporter-output>
          </reporter-output>
        </test-method> <!-- tearDown -->
        <test-method is-config="true" signature="setup()[pri:0, instance:com.srm.hackathon.ninjashop.tests.ProductTest@5852c06f]" started-at="2026-04-19T21:18:18 IST" name="setup" finished-at="2026-04-19T21:18:21 IST" duration-ms="3141" status="PASS">
          <reporter-output>
          </reporter-output>
        </test-method> <!-- setup -->
        <test-method signature="testProductDetail()[pri:0, instance:com.srm.hackathon.ninjashop.tests.ProductTest@5852c06f]" started-at="2026-04-19T21:18:21 IST" name="testProductDetail" finished-at="2026-04-19T21:18:24 IST" duration-ms="2718" status="PASS">
          <reporter-output>
          </reporter-output>
        </test-method> <!-- testProductDetail -->
        <test-method is-config="true" signature="tearDown()[pri:0, instance:com.srm.hackathon.ninjashop.tests.ProductTest@5852c06f]" started-at="2026-04-19T21:18:24 IST" name="tearDown" finished-at="2026-04-19T21:18:25 IST" duration-ms="1052" status="PASS">
          <reporter-output>
          </reporter-output>
        </test-method> <!-- tearDown -->
        <test-method is-config="true" signature="setup()[pri:0, instance:com.srm.hackathon.ninjashop.tests.ProductTest@5852c06f]" started-at="2026-04-19T21:18:25 IST" name="setup" finished-at="2026-04-19T21:18:28 IST" duration-ms="2987" status="PASS">
          <reporter-output>
          </reporter-output>
        </test-method> <!-- setup -->
        <test-method signature="testSearchProduct()[pri:0, instance:com.srm.hackathon.ninjashop.tests.ProductTest@5852c06f]" started-at="2026-04-19T21:18:28 IST" name="testSearchProduct" finished-at="2026-04-19T21:18:29 IST" duration-ms="1494" status="PASS">
          <reporter-output>
          </reporter-output>
        </test-method> <!-- testSearchProduct -->
        <test-method is-config="true" signature="tearDown()[pri:0, instance:com.srm.hackathon.ninjashop.tests.ProductTest@5852c06f]" started-at="2026-04-19T21:18:29 IST" name="tearDown" finished-at="2026-04-19T21:18:30 IST" duration-ms="294" status="PASS">
          <reporter-output>
          </reporter-output>
        </test-method> <!-- tearDown -->
      </class> <!-- com.srm.hackathon.ninjashop.tests.ProductTest -->
    </test> <!-- Product Tests -->
    <test started-at="2026-04-19T21:18:04 IST" name="Auth Tests" finished-at="2026-04-19T21:18:32 IST" duration-ms="27895">
      <class name="com.srm.hackathon.ninjashop.tests.AuthTest">
        <test-method is-config="true" signature="setup()[pri:0, instance:com.srm.hackathon.ninjashop.tests.AuthTest@28cda624]" started-at="2026-04-19T21:18:04 IST" name="setup" finished-at="2026-04-19T21:18:12 IST" duration-ms="8242" status="PASS">
          <reporter-output>
          </reporter-output>
        </test-method> <!-- setup -->
        <test-method signature="testInvalidLogin()[pri:0, instance:com.srm.hackathon.ninjashop.tests.AuthTest@28cda624]" started-at="2026-04-19T21:18:12 IST" name="testInvalidLogin" finished-at="2026-04-19T21:18:16 IST" duration-ms="4209" status="PASS">
          <reporter-output>
          </reporter-output>
        </test-method> <!-- testInvalidLogin -->
        <test-method is-config="true" signature="tearDown()[pri:0, instance:com.srm.hackathon.ninjashop.tests.AuthTest@28cda624]" started-at="2026-04-19T21:18:16 IST" name="tearDown" finished-at="2026-04-19T21:18:17 IST" duration-ms="444" status="PASS">
          <reporter-output>
          </reporter-output>
        </test-method> <!-- tearDown -->
        <test-method is-config="true" signature="setup()[pri:0, instance:com.srm.hackathon.ninjashop.tests.AuthTest@28cda624]" started-at="2026-04-19T21:18:17 IST" name="setup" finished-at="2026-04-19T21:18:19 IST" duration-ms="2221" status="PASS">
          <reporter-output>
          </reporter-output>
        </test-method> <!-- setup -->
        <test-method signature="testLogout()[pri:0, instance:com.srm.hackathon.ninjashop.tests.AuthTest@28cda624]" started-at="2026-04-19T21:18:19 IST" name="testLogout" finished-at="2026-04-19T21:18:26 IST" duration-ms="6810" status="PASS">
          <reporter-output>
          </reporter-output>
        </test-method> <!-- testLogout -->
        <test-method is-config="true" signature="tearDown()[pri:0, instance:com.srm.hackathon.ninjashop.tests.AuthTest@28cda624]" started-at="2026-04-19T21:18:26 IST" name="tearDown" finished-at="2026-04-19T21:18:26 IST" duration-ms="639" status="PASS">
          <reporter-output>
          </reporter-output>
        </test-method> <!-- tearDown -->
        <test-method is-config="true" signature="setup()[pri:0, instance:com.srm.hackathon.ninjashop.tests.AuthTest@28cda624]" started-at="2026-04-19T21:18:26 IST" name="setup" finished-at="2026-04-19T21:18:29 IST" duration-ms="2541" status="PASS">
          <reporter-output>
          </reporter-output>
        </test-method> <!-- setup -->
        <test-method signature="testValidLogin()[pri:0, instance:com.srm.hackathon.ninjashop.tests.AuthTest@28cda624]" started-at="2026-04-19T21:18:29 IST" name="testValidLogin" finished-at="2026-04-19T21:18:31 IST" duration-ms="2345" status="PASS">
          <reporter-output>
          </reporter-output>
        </test-method> <!-- testValidLogin -->
        <test-method is-config="true" signature="tearDown()[pri:0, instance:com.srm.hackathon.ninjashop.tests.AuthTest@28cda624]" started-at="2026-04-19T21:18:31 IST" name="tearDown" finished-at="2026-04-19T21:18:32 IST" duration-ms="376" status="PASS">
          <reporter-output>
          </reporter-output>
        </test-method> <!-- tearDown -->
      </class> <!-- com.srm.hackathon.ninjashop.tests.AuthTest -->
    </test> <!-- Auth Tests -->
    <test started-at="2026-04-19T21:18:22 IST" name="Validation Tests" finished-at="2026-04-19T21:18:42 IST" duration-ms="19282">
      <class name="com.srm.hackathon.ninjashop.tests.ValidationTest">
        <test-method is-config="true" signature="setup()[pri:0, instance:com.srm.hackathon.ninjashop.tests.ValidationTest@21d03963]" started-at="2026-04-19T21:18:22 IST" name="setup" finished-at="2026-04-19T21:18:24 IST" duration-ms="1910" status="PASS">
          <reporter-output>
          </reporter-output>
        </test-method> <!-- setup -->
        <test-method signature="testCheckoutAddressValidation()[pri:0, instance:com.srm.hackathon.ninjashop.tests.ValidationTest@21d03963]" started-at="2026-04-19T21:18:24 IST" name="testCheckoutAddressValidation" finished-at="2026-04-19T21:18:33 IST" duration-ms="8562" status="PASS">
          <reporter-output>
          </reporter-output>
        </test-method> <!-- testCheckoutAddressValidation -->
        <test-method is-config="true" signature="tearDown()[pri:0, instance:com.srm.hackathon.ninjashop.tests.ValidationTest@21d03963]" started-at="2026-04-19T21:18:33 IST" name="tearDown" finished-at="2026-04-19T21:18:33 IST" duration-ms="225" status="PASS">
          <reporter-output>
          </reporter-output>
        </test-method> <!-- tearDown -->
        <test-method is-config="true" signature="setup()[pri:0, instance:com.srm.hackathon.ninjashop.tests.ValidationTest@21d03963]" started-at="2026-04-19T21:18:33 IST" name="setup" finished-at="2026-04-19T21:18:35 IST" duration-ms="1941" status="PASS">
          <reporter-output>
          </reporter-output>
        </test-method> <!-- setup -->
        <test-method signature="testEmailValidation()[pri:0, instance:com.srm.hackathon.ninjashop.tests.ValidationTest@21d03963]" started-at="2026-04-19T21:18:35 IST" name="testEmailValidation" finished-at="2026-04-19T21:18:38 IST" duration-ms="2753" status="PASS">
          <reporter-output>
          </reporter-output>
        </test-method> <!-- testEmailValidation -->
        <test-method is-config="true" signature="tearDown()[pri:0, instance:com.srm.hackathon.ninjashop.tests.ValidationTest@21d03963]" started-at="2026-04-19T21:18:38 IST" name="tearDown" finished-at="2026-04-19T21:18:38 IST" duration-ms="218" status="PASS">
          <reporter-output>
          </reporter-output>
        </test-method> <!-- tearDown -->
        <test-method is-config="true" signature="setup()[pri:0, instance:com.srm.hackathon.ninjashop.tests.ValidationTest@21d03963]" started-at="2026-04-19T21:18:38 IST" name="setup" finished-at="2026-04-19T21:18:40 IST" duration-ms="1920" status="PASS">
          <reporter-output>
          </reporter-output>
        </test-method> <!-- setup -->
        <test-method signature="testEmptyRegistrationForm()[pri:0, instance:com.srm.hackathon.ninjashop.tests.ValidationTest@21d03963]" started-at="2026-04-19T21:18:40 IST" name="testEmptyRegistrationForm" finished-at="2026-04-19T21:18:41 IST" duration-ms="1442" status="PASS">
          <reporter-output>
          </reporter-output>
        </test-method> <!-- testEmptyRegistrationForm -->
        <test-method is-config="true" signature="tearDown()[pri:0, instance:com.srm.hackathon.ninjashop.tests.ValidationTest@21d03963]" started-at="2026-04-19T21:18:41 IST" name="tearDown" finished-at="2026-04-19T21:18:42 IST" duration-ms="283" status="PASS">
          <reporter-output>
          </reporter-output>
        </test-method> <!-- tearDown -->
      </class> <!-- com.srm.hackathon.ninjashop.tests.ValidationTest -->
    </test> <!-- Validation Tests -->
    <test started-at="2026-04-19T21:18:04 IST" name="Cart Tests" finished-at="2026-04-19T21:18:47 IST" duration-ms="43105">
      <class name="com.srm.hackathon.ninjashop.tests.CartTest">
        <test-method is-config="true" signature="setup()[pri:0, instance:com.srm.hackathon.ninjashop.tests.CartTest@34129c78]" started-at="2026-04-19T21:18:04 IST" name="setup" finished-at="2026-04-19T21:18:12 IST" duration-ms="8407" status="PASS">
          <reporter-output>
          </reporter-output>
        </test-method> <!-- setup -->
        <test-method signature="testAddToCart()[pri:0, instance:com.srm.hackathon.ninjashop.tests.CartTest@34129c78]" started-at="2026-04-19T21:18:12 IST" name="testAddToCart" finished-at="2026-04-19T21:18:22 IST" duration-ms="9426" status="PASS">
          <reporter-output>
          </reporter-output>
        </test-method> <!-- testAddToCart -->
        <test-method is-config="true" signature="tearDown()[pri:0, instance:com.srm.hackathon.ninjashop.tests.CartTest@34129c78]" started-at="2026-04-19T21:18:22 IST" name="tearDown" finished-at="2026-04-19T21:18:23 IST" duration-ms="1146" status="PASS">
          <reporter-output>
          </reporter-output>
        </test-method> <!-- tearDown -->
        <test-method is-config="true" signature="setup()[pri:0, instance:com.srm.hackathon.ninjashop.tests.CartTest@34129c78]" started-at="2026-04-19T21:18:23 IST" name="setup" finished-at="2026-04-19T21:18:25 IST" duration-ms="2615" status="PASS">
          <reporter-output>
          </reporter-output>
        </test-method> <!-- setup -->
        <test-method signature="testCartCount()[pri:0, instance:com.srm.hackathon.ninjashop.tests.CartTest@34129c78]" started-at="2026-04-19T21:18:25 IST" name="testCartCount" finished-at="2026-04-19T21:18:32 IST" duration-ms="6837" status="PASS">
          <reporter-output>
          </reporter-output>
        </test-method> <!-- testCartCount -->
        <test-method is-config="true" signature="tearDown()[pri:0, instance:com.srm.hackathon.ninjashop.tests.CartTest@34129c78]" started-at="2026-04-19T21:18:32 IST" name="tearDown" finished-at="2026-04-19T21:18:32 IST" duration-ms="288" status="PASS">
          <reporter-output>
          </reporter-output>
        </test-method> <!-- tearDown -->
        <test-method is-config="true" signature="setup()[pri:0, instance:com.srm.hackathon.ninjashop.tests.CartTest@34129c78]" started-at="2026-04-19T21:18:32 IST" name="setup" finished-at="2026-04-19T21:18:34 IST" duration-ms="1945" status="PASS">
          <reporter-output>
          </reporter-output>
        </test-method> <!-- setup -->
        <test-method signature="testRemoveFromCart()[pri:0, instance:com.srm.hackathon.ninjashop.tests.CartTest@34129c78]" started-at="2026-04-19T21:18:34 IST" name="testRemoveFromCart" finished-at="2026-04-19T21:18:40 IST" duration-ms="6059" status="PASS">
          <reporter-output>
          </reporter-output>
        </test-method> <!-- testRemoveFromCart -->
        <test-method is-config="true" signature="tearDown()[pri:0, instance:com.srm.hackathon.ninjashop.tests.CartTest@34129c78]" started-at="2026-04-19T21:18:40 IST" name="tearDown" finished-at="2026-04-19T21:18:41 IST" duration-ms="256" status="PASS">
          <reporter-output>
          </reporter-output>
        </test-method> <!-- tearDown -->
        <test-method is-config="true" signature="setup()[pri:0, instance:com.srm.hackathon.ninjashop.tests.CartTest@34129c78]" started-at="2026-04-19T21:18:41 IST" name="setup" finished-at="2026-04-19T21:18:42 IST" duration-ms="1658" status="PASS">
          <reporter-output>
          </reporter-output>
        </test-method> <!-- setup -->
        <test-method signature="testUpdateCartQuantity()[pri:0, instance:com.srm.hackathon.ninjashop.tests.CartTest@34129c78]" started-at="2026-04-19T21:18:42 IST" name="testUpdateCartQuantity" finished-at="2026-04-19T21:18:47 IST" duration-ms="4134" status="PASS">
          <reporter-output>
          </reporter-output>
        </test-method> <!-- testUpdateCartQuantity -->
        <test-method is-config="true" signature="tearDown()[pri:0, instance:com.srm.hackathon.ninjashop.tests.CartTest@34129c78]" started-at="2026-04-19T21:18:47 IST" name="tearDown" finished-at="2026-04-19T21:18:47 IST" duration-ms="256" status="PASS">
          <reporter-output>
          </reporter-output>
        </test-method> <!-- tearDown -->
      </class> <!-- com.srm.hackathon.ninjashop.tests.CartTest -->
    </test> <!-- Cart Tests -->
  </suite> <!-- NinjaShop Suite -->
</testng-results>
