<?xml version="1.0" encoding="UTF-8"?>
<!-- Generated by org.testng.reporters.JUnitReportReporter -->
<testsuite hostname="Mickey" failures="0" tests="4" name="com.srm.hackathon.ninjashop.tests.CartTest" time="22.421" errors="0" timestamp="2026-04-19T21:06:30 IST" skipped="0">
  <testcase classname="com.srm.hackathon.ninjashop.tests.CartTest" name="testUpdateCartQuantity" time="5.938"/>
  <testcase classname="com.srm.hackathon.ninjashop.tests.CartTest" name="testAddToCart" time="5.689"/>
  <testcase classname="com.srm.hackathon.ninjashop.tests.CartTest" name="testCartCount" time="4.769"/>
  <testcase classname="com.srm.hackathon.ninjashop.tests.CartTest" name="testRemoveFromCart" time="6.025"/>
</testsuite> <!-- com.srm.hackathon.ninjashop.tests.CartTest -->
