<?xml version="1.0" encoding="UTF-8"?>
<!-- Generated by org.testng.reporters.JUnitReportReporter -->
<testsuite hostname="Mickey" failures="0" tests="4" name="com.srm.hackathon.ninjashop.tests.ProductTest" time="22.945" errors="0" timestamp="2026-04-19T18:51:13 IST" skipped="0">
  <testcase classname="com.srm.hackathon.ninjashop.tests.ProductTest" name="testProductDetail" time="5.479"/>
  <testcase classname="com.srm.hackathon.ninjashop.tests.ProductTest" name="testInvalidSearch" time="6.210"/>
  <testcase classname="com.srm.hackathon.ninjashop.tests.ProductTest" name="testSearchProduct" time="7.001"/>
  <testcase classname="com.srm.hackathon.ninjashop.tests.ProductTest" name="testCategoryNavigation" time="4.255"/>
</testsuite> <!-- com.srm.hackathon.ninjashop.tests.ProductTest -->
