<?xml version="1.0" encoding="UTF-8"?>
<!-- Generated by org.testng.reporters.JUnitReportReporter -->
<testsuite hostname="Mickey" failures="0" tests="3" name="com.srm.hackathon.ninjashop.tests.AuthTest" time="25.982" errors="0" timestamp="2026-04-19T18:51:13 IST" skipped="0">
  <testcase classname="com.srm.hackathon.ninjashop.tests.AuthTest" name="testInvalidLogin" time="8.089"/>
  <testcase classname="com.srm.hackathon.ninjashop.tests.AuthTest" name="testValidLogin" time="8.065"/>
  <testcase classname="com.srm.hackathon.ninjashop.tests.AuthTest" name="testLogout" time="9.828"/>
</testsuite> <!-- com.srm.hackathon.ninjashop.tests.AuthTest -->
