<?xml version="1.0" encoding="UTF-8"?>
<!-- Generated by org.testng.reporters.JUnitReportReporter -->
<testsuite hostname="Mickey" failures="0" tests="3" name="com.srm.hackathon.ninjashop.tests.ValidationTest" time="19.254" errors="0" timestamp="2026-04-19T21:18:47 IST" skipped="0">
  <testcase classname="com.srm.hackathon.ninjashop.tests.ValidationTest" name="testCheckoutAddressValidation" time="10.765"/>
  <testcase classname="com.srm.hackathon.ninjashop.tests.ValidationTest" name="testEmptyRegistrationForm" time="3.570"/>
  <testcase classname="com.srm.hackathon.ninjashop.tests.ValidationTest" name="testEmailValidation" time="4.919"/>
</testsuite> <!-- com.srm.hackathon.ninjashop.tests.ValidationTest -->
