<?xml version="1.0" encoding="UTF-8"?>
<!-- Generated by org.testng.reporters.JUnitReportReporter -->
<testsuite hostname="Mickey" failures="0" tests="4" name="com.srm.hackathon.ninjashop.tests.ProductTest" time="9.220" errors="0" timestamp="2026-04-19T21:06:30 IST" skipped="0">
  <testcase classname="com.srm.hackathon.ninjashop.tests.ProductTest" name="testInvalidSearch" time="2.097"/>
  <testcase classname="com.srm.hackathon.ninjashop.tests.ProductTest" name="testCategoryNavigation" time="2.497"/>
  <testcase classname="com.srm.hackathon.ninjashop.tests.ProductTest" name="testSearchProduct" time="2.078"/>
  <testcase classname="com.srm.hackathon.ninjashop.tests.ProductTest" name="testProductDetail" time="2.548"/>
</testsuite> <!-- com.srm.hackathon.ninjashop.tests.ProductTest -->
