<?xml version="1.0" encoding="UTF-8"?>
<!-- Generated by org.testng.reporters.JUnitReportReporter -->
<testsuite hostname="Mickey" failures="0" tests="3" name="com.srm.hackathon.ninjashop.tests.AuthTest" time="14.328" errors="0" timestamp="2026-04-19T21:06:30 IST" skipped="0">
  <testcase classname="com.srm.hackathon.ninjashop.tests.AuthTest" name="testValidLogin" time="4.248"/>
  <testcase classname="com.srm.hackathon.ninjashop.tests.AuthTest" name="testLogout" time="4.509"/>
  <testcase classname="com.srm.hackathon.ninjashop.tests.AuthTest" name="testInvalidLogin" time="5.571"/>
</testsuite> <!-- com.srm.hackathon.ninjashop.tests.AuthTest -->
