<?xml version="1.0" encoding="UTF-8"?>
<!-- Generated by org.testng.reporters.JUnitReportReporter -->
<testsuite hostname="Mickey" failures="0" tests="4" name="com.srm.hackathon.ninjashop.tests.CartTest" time="26.288" errors="0" timestamp="2026-04-19T19:44:41 IST" skipped="0">
  <testcase classname="com.srm.hackathon.ninjashop.tests.CartTest" name="testCartCount" time="5.431"/>
  <testcase classname="com.srm.hackathon.ninjashop.tests.CartTest" name="testAddToCart" time="6.812"/>
  <testcase classname="com.srm.hackathon.ninjashop.tests.CartTest" name="testRemoveFromCart" time="7.423"/>
  <testcase classname="com.srm.hackathon.ninjashop.tests.CartTest" name="testUpdateCartQuantity" time="6.622"/>
</testsuite> <!-- com.srm.hackathon.ninjashop.tests.CartTest -->
